<?xml version="1.0" encoding="UTF-8"?>
<testsuite xmlns:xsi="http://www.w3.org/2001/XMLSchema-instance" xsi:noNamespaceSchemaLocation="https://maven.apache.org/surefire/maven-surefire-plugin/xsd/surefire-test-report-3.0.xsd" version="3.0" name="com.busmanagementsystem.main.BusManagementSystemApplicationTests" time="6.097" tests="1" errors="0" skipped="0" failures="0">
  <properties>
[...]
</properties>
  <testcase name="contextLoads" classname="com.busmanagementsystem.main.BusManagementSystemApplicationTests" time="0.474">
    <system-out><![CDATA[22:40:19.031 [main] INFO org.springframework.test.context.support.AnnotationConfigContextLoaderUtils -- Could not detect default configuration classes for test class [com.busmanagementsystem.main.BusManagementSystemApplicationTests]: BusManagementSystemApplicationTests does not declare any static, non-private, non-final, nested classes annotated with @Configuration.
22:40:19.193 [main] INFO org.springframework.boot.test.context.SpringBootTestContextBootstrapper -- Found @SpringBootConfiguration com.busmanagementsystem.main.BusManagementSystemApplication for test class com.busmanagementsystem.main.BusManagementSystemApplicationTests

  .   ____          _            __ _ _
 /\\ / ___'_ __ _ _(_)_ __  __ _ \ \ \ \
( ( )\___ | '_ | '_| | '_ \/ _` | \ \ \ \
 \\/  ___)| |_)| | | | | || (_| |  ) ) ) )
  '  |____| .__|_| |_|_| |_\__, | / / / /
 =========|_|==============|___/=/_/_/_/
 :: Spring Boot ::                (v3.1.0)

2023-06-13T22:40:19.640+05:30  INFO 23656 --- [           main] .b.m.BusManagementSystemApplicationTests : Starting BusManagementSystemApplicationTests using Java 19.0.2 with PID 23656 (started by saira in D:\RestWorkspace\BusManagementSystem)
2023-06-13T22:40:19.641+05:30  INFO 23656 --- [           main] .b.m.BusManagementSystemApplicationTests : No active profile set, falling back to 1 default profile: "default"
2023-06-13T22:40:20.675+05:30  INFO 23656 --- [           main] .s.d.r.c.RepositoryConfigurationDelegate : Bootstrapping Spring Data JPA repositories in DEFAULT mode.
2023-06-13T22:40:20.731+05:30  INFO 23656 --- [           main] .s.d.r.c.RepositoryConfigurationDelegate : Finished Spring Data repository scanning in 49 ms. Found 8 JPA repository interfaces.
2023-06-13T22:40:21.134+05:30  INFO 23656 --- [           main] trationDelegate$BeanPostProcessorChecker : Bean 'org.springframework.ws.config.annotation.DelegatingWsConfiguration' of type [org.springframework.ws.config.annotation.DelegatingWsConfiguration$$SpringCGLIB$$0] is not eligible for getting processed by all BeanPostProcessors (for example: not eligible for auto-proxying)
2023-06-13T22:40:21.189+05:30  INFO 23656 --- [           main] .w.s.a.s.AnnotationActionEndpointMapping : Supporting [WS-Addressing August 2004, WS-Addressing 1.0]
2023-06-13T22:40:21.372+05:30  INFO 23656 --- [           main] o.hibernate.jpa.internal.util.LogHelper  : HHH000204: Processing PersistenceUnitInfo [name: default]
2023-06-13T22:40:21.424+05:30  INFO 23656 --- [           main] org.hibernate.Version                    : HHH000412: Hibernate ORM core version 6.2.2.Final
2023-06-13T22:40:21.426+05:30  INFO 23656 --- [           main] org.hibernate.cfg.Environment            : HHH000406: Using bytecode reflection optimizer
2023-06-13T22:40:21.595+05:30  INFO 23656 --- [           main] o.h.b.i.BytecodeProviderInitiator        : HHH000021: Bytecode provider name : bytebuddy
2023-06-13T22:40:21.713+05:30  INFO 23656 --- [           main] o.s.o.j.p.SpringPersistenceUnitInfo      : No LoadTimeWeaver setup: ignoring JPA class transformer
2023-06-13T22:40:21.730+05:30  INFO 23656 --- [           main] com.zaxxer.hikari.HikariDataSource       : HikariPool-1 - Starting...
2023-06-13T22:40:22.140+05:30  INFO 23656 --- [           main] com.zaxxer.hikari.pool.HikariPool        : HikariPool-1 - Added connection com.mysql.cj.jdbc.ConnectionImpl@29280ca6
2023-06-13T22:40:22.142+05:30  INFO 23656 --- [           main] com.zaxxer.hikari.HikariDataSource       : HikariPool-1 - Start completed.
2023-06-13T22:40:22.203+05:30  INFO 23656 --- [           main] org.hibernate.orm.dialect                : HHH035001: Using dialect: org.hibernate.dialect.MySQLDialect, version: 8.0.30
2023-06-13T22:40:22.460+05:30  INFO 23656 --- [           main] o.h.b.i.BytecodeProviderInitiator        : HHH000021: Bytecode provider name : bytebuddy
2023-06-13T22:40:23.080+05:30  INFO 23656 --- [           main] o.h.e.t.j.p.i.JtaPlatformInitiator       : HHH000490: Using JtaPlatform implementation: [org.hibernate.engine.transaction.jta.platform.internal.NoJtaPlatform]
2023-06-13T22:40:23.652+05:30  INFO 23656 --- [           main] j.LocalContainerEntityManagerFactoryBean : Initialized JPA EntityManagerFactory for persistence unit 'default'
2023-06-13T22:40:24.126+05:30  WARN 23656 --- [           main] JpaBaseConfiguration$JpaWebConfiguration : spring.jpa.open-in-view is enabled by default. Therefore, database queries may be performed during view rendering. Explicitly configure spring.jpa.open-in-view to disable this warning
2023-06-13T22:40:24.453+05:30  INFO 23656 --- [           main] .b.m.BusManagementSystemApplicationTests : Started BusManagementSystemApplicationTests in 5.078 seconds (process running for 6.112)
]]></system-out>
  </testcase>
</testsuite>